c:\users\wychoi\onedrive\yong\01_project\rd_logger\rd_logger\rd_logger\debug\rd_logger.pch
c:\users\wychoi\onedrive\yong\01_project\rd_logger\rd_logger\rd_logger\debug\vc143.pdb
c:\users\wychoi\onedrive\yong\01_project\rd_logger\rd_logger\rd_logger\debug\vc143.idb
c:\users\wychoi\onedrive\yong\01_project\rd_logger\rd_logger\rd_logger\debug\pch.obj
c:\users\wychoi\onedrive\yong\01_project\rd_logger\rd_logger\rd_logger\debug\logger.obj
c:\users\wychoi\onedrive\yong\01_project\rd_logger\rd_logger\rd_logger\debug\export.obj
c:\users\wychoi\onedrive\yong\01_project\rd_logger\rd_logger\rd_logger\debug\dllmain.obj
c:\users\wychoi\onedrive\yong\01_project\rd_logger\rd_logger\debug\rd_logger.dll
c:\users\wychoi\onedrive\yong\01_project\rd_logger\rd_logger\debug\rd_logger.pdb
c:\users\wychoi\onedrive\yong\01_project\rd_logger\rd_logger\debug\rd_logger.lib
c:\users\wychoi\onedrive\yong\01_project\rd_logger\rd_logger\debug\rd_logger.exp
c:\users\wychoi\onedrive\yong\01_project\rd_logger\rd_logger\rd_logger\debug\rd_logger.ilk
c:\users\wychoi\onedrive\yong\01_project\rd_logger\rd_logger\rd_logger\debug\rd_logger.tlog\cl.command.1.tlog
c:\users\wychoi\onedrive\yong\01_project\rd_logger\rd_logger\rd_logger\debug\rd_logger.tlog\cl.items.tlog
c:\users\wychoi\onedrive\yong\01_project\rd_logger\rd_logger\rd_logger\debug\rd_logger.tlog\cl.read.1.tlog
c:\users\wychoi\onedrive\yong\01_project\rd_logger\rd_logger\rd_logger\debug\rd_logger.tlog\cl.write.1.tlog
c:\users\wychoi\onedrive\yong\01_project\rd_logger\rd_logger\rd_logger\debug\rd_logger.tlog\link.command.1.tlog
c:\users\wychoi\onedrive\yong\01_project\rd_logger\rd_logger\rd_logger\debug\rd_logger.tlog\link.read.1.tlog
c:\users\wychoi\onedrive\yong\01_project\rd_logger\rd_logger\rd_logger\debug\rd_logger.tlog\link.secondary.1.tlog
c:\users\wychoi\onedrive\yong\01_project\rd_logger\rd_logger\rd_logger\debug\rd_logger.tlog\link.write.1.tlog
